<?xml version="1.0" encoding="UTF-8"?>
<!-- Generated by org.testng.reporters.JUnitReportReporter -->
<testsuite hostname="NL484" name="Flipkart.IPhonesSearch" tests="1" failures="0" timestamp="30 Aug 2021 04:09:29 GMT" time="40.335" errors="0">
  <testcase name="searchIphone" time="40.335" classname="Flipkart.IPhonesSearch"/>
</testsuite> <!-- Flipkart.IPhonesSearch -->
